<?xml version="1.0" encoding="UTF-8"?>
<Site BuildName="Linux-g++"
	BuildStamp="20230822-0840-Experimental"
	Name="arch-laptop"
	Generator="ctest-3.27.1"
	CompilerName="/usr/bin/g++"
	CompilerVersion=""
	OSName="Linux"
	Hostname="arch-laptop"
	OSRelease="6.5.0-rc6-LinuxFork-LTO-mainline+"
	OSVersion="#2 SMP PREEMPT_DYNAMIC Wed Aug 16 21:54:31 CEST 2023"
	OSPlatform="x86_64"
	Is64Bits="1"
	VendorString="AuthenticAMD"
	VendorID="Advanced Micro Devices"
	FamilyID="23"
	ModelID="104"
	ProcessorCacheSize="512"
	NumberOfLogicalCPU="16"
	NumberOfPhysicalCPU="8"
	TotalVirtualMemory="4999"
	TotalPhysicalMemory="15373"
	LogicalProcessorsPerPhysical="2"
	ProcessorClockFrequency="3683.99"
	>
	<Testing>
		<StartDateTime>Aug 22 10:49 CEST</StartDateTime>
		<StartTestTime>1692694183</StartTestTime>
		<TestList/>
		<EndDateTime>Aug 22 10:49 CEST</EndDateTime>
		<EndTestTime>1692694183</EndTestTime>
		<ElapsedMinutes>0</ElapsedMinutes>
	</Testing>
</Site>
